This file contains any messages produced by compilers while
running configure, to aid debugging if configure makes a mistake.

configure:529: checking for gcc
configure:642: checking whether the C compiler (gcc  ) works
configure:658: gcc -o conftest    conftest.c  1>&5
configure:684: checking whether the C compiler (gcc  ) is a cross-compiler
configure:689: checking whether we are using GNU C
configure:698: gcc -E conftest.c
configure:717: checking whether gcc accepts -g
configure:751: checking for ranlib
configure:781: checking how to run the C preprocessor
configure:802: gcc -E  conftest.c >/dev/null 2>conftest.out
configure:861: checking for ANSI C header files
configure:874: gcc -E  conftest.c >/dev/null 2>conftest.out
configure:941: gcc -o conftest -g -O2   conftest.c  1>&5
configure: In function 'main':
configure:936: warning: incompatible implicit declaration of built-in function 'exit'
configure:968: checking for getopt.h
configure:978: gcc -E  conftest.c >/dev/null 2>conftest.out
configure:1008: checking for strcpy
configure:1036: gcc -o conftest -g -O2   conftest.c  1>&5
configure:1020: warning: conflicting types for built-in function 'strcpy'
configure:1008: checking for strcmp
configure:1036: gcc -o conftest -g -O2   conftest.c  1>&5
configure:1020: warning: conflicting types for built-in function 'strcmp'
configure:1008: checking for free
configure:1036: gcc -o conftest -g -O2   conftest.c  1>&5
configure:1008: checking for malloc
configure:1036: gcc -o conftest -g -O2   conftest.c  1>&5
configure:1020: warning: conflicting types for built-in function 'malloc'
configure:1008: checking for open
configure:1036: gcc -o conftest -g -O2   conftest.c  1>&5
configure:1008: checking for read
configure:1036: gcc -o conftest -g -O2   conftest.c  1>&5
configure:1008: checking for close
configure:1036: gcc -o conftest -g -O2   conftest.c  1>&5
configure:1008: checking for fprintf
configure:1036: gcc -o conftest -g -O2   conftest.c  1>&5
configure:1020: warning: conflicting types for built-in function 'fprintf'
configure:1069: checking for doxygen
